[0826/220759.513:ERROR:settings.cc(320)] Settings magic is not 1129342067
[0828/040145.197:ERROR:process_reader_win.cc(151)] SuspendThread: Access is denied. (0x5)
[0828/040145.197:ERROR:process_reader_win.cc(151)] SuspendThread: Access is denied. (0x5)
[0828/040145.197:ERROR:process_reader_win.cc(151)] SuspendThread: Access is denied. (0x5)
[0828/040145.275:ERROR:process_reader_win.cc(151)] SuspendThread: Access is denied. (0x5)
[0828/040145.197:ERROR:process_reader_win.cc(151)] SuspendThread: Access is denied. (0x5)
[0828/040145.275:ERROR:process_reader_win.cc(151)] SuspendThread: Access is denied. (0x5)
[0828/040145.275:ERROR:process_reader_win.cc(151)] SuspendThread: Access is denied. (0x5)
[0828/040145.275:ERROR:process_reader_win.cc(151)] SuspendThread: Access is denied. (0x5)
[0828/040145.275:ERROR:process_reader_win.cc(151)] SuspendThread: Access is denied. (0x5)
[0828/040145.275:ERROR:process_reader_win.cc(151)] SuspendThread: Access is denied. (0x5)
[0828/040145.275:ERROR:process_reader_win.cc(151)] SuspendThread: Access is denied. (0x5)
[0828/040145.291:ERROR:process_reader_win.cc(151)] SuspendThread: Access is denied. (0x5)
[0828/040145.291:ERROR:process_reader_win.cc(151)] SuspendThread: Access is denied. (0x5)
[0828/040145.291:ERROR:process_reader_win.cc(151)] SuspendThread: Access is denied. (0x5)
[0828/040145.291:ERROR:process_reader_win.cc(151)] SuspendThread: Access is denied. (0x5)
[0828/040145.291:ERROR:process_reader_win.cc(151)] SuspendThread: Access is denied. (0x5)
[0828/040145.291:ERROR:process_reader_win.cc(151)] SuspendThread: Access is denied. (0x5)
[0828/040145.291:ERROR:process_reader_win.cc(151)] SuspendThread: Access is denied. (0x5)
[0828/040145.291:ERROR:process_reader_win.cc(151)] SuspendThread: Access is denied. (0x5)
[0828/040145.291:ERROR:process_reader_win.cc(151)] SuspendThread: Access is denied. (0x5)
[0828/040145.291:ERROR:process_reader_win.cc(151)] SuspendThread: Access is denied. (0x5)
[0828/040145.291:ERROR:process_reader_win.cc(151)] SuspendThread: Access is denied. (0x5)
[0828/040145.291:ERROR:process_reader_win.cc(151)] SuspendThread: Access is denied. (0x5)
[0828/040145.291:ERROR:process_reader_win.cc(151)] SuspendThread: Access is denied. (0x5)
[0828/040145.291:ERROR:process_reader_win.cc(151)] SuspendThread: Access is denied. (0x5)
[0828/040145.291:ERROR:process_reader_win.cc(151)] SuspendThread: Access is denied. (0x5)
[0828/040145.291:ERROR:process_reader_win.cc(151)] SuspendThread: Access is denied. (0x5)
[0828/040145.291:ERROR:process_reader_win.cc(151)] SuspendThread: Access is denied. (0x5)
[0828/040145.291:ERROR:process_reader_win.cc(151)] SuspendThread: Access is denied. (0x5)
[0828/040145.291:ERROR:process_reader_win.cc(123)] NtOpenThread: {Access Denied} A process has requested access to an object, but has not been granted those access rights. (0xc0000022)
[0828/040145.291:ERROR:process_reader_win.cc(151)] SuspendThread: Access is denied. (0x5)
[0828/040145.291:ERROR:process_reader_win.cc(151)] SuspendThread: Access is denied. (0x5)
[0828/040145.291:ERROR:process_reader_win.cc(151)] SuspendThread: Access is denied. (0x5)
[0828/040145.291:ERROR:process_reader_win.cc(123)] NtOpenThread: {Access Denied} A process has requested access to an object, but has not been granted those access rights. (0xc0000022)
[0828/040145.291:ERROR:exception_snapshot_win.cc(98)] thread ID 10188 not found in process
[0828/040145.291:ERROR:process_reader_win.cc(123)] NtOpenThread: {Access Denied} A process has requested access to an object, but has not been granted those access rights. (0xc0000022)
[0828/040145.291:ERROR:process_reader_win.cc(151)] SuspendThread: Access is denied. (0x5)
[0828/040145.291:ERROR:process_reader_win.cc(123)] NtOpenThread: {Access Denied} A process has requested access to an object, but has not been granted those access rights. (0xc0000022)
[0828/040145.291:ERROR:exception_snapshot_win.cc(98)] thread ID 17236 not found in process
[0828/040145.291:ERROR:exception_snapshot_win.cc(98)] thread ID 18332 not found in process
[0828/040145.291:ERROR:exception_snapshot_win.cc(98)] thread ID 7244 not found in process
[0828/040145.306:ERROR:process_reader_win.cc(151)] SuspendThread: Access is denied. (0x5)
[0828/040145.306:ERROR:process_reader_win.cc(151)] SuspendThread: Access is denied. (0x5)
[0828/040145.306:ERROR:process_reader_win.cc(151)] SuspendThread: Access is denied. (0x5)
[0828/040145.306:ERROR:process_reader_win.cc(151)] SuspendThread: Access is denied. (0x5)
[0828/040145.306:ERROR:process_reader_win.cc(151)] SuspendThread: Access is denied. (0x5)
[0828/040145.306:ERROR:process_reader_win.cc(151)] SuspendThread: Access is denied. (0x5)
[0828/040145.306:ERROR:process_reader_win.cc(151)] SuspendThread: Access is denied. (0x5)
[0828/040145.306:ERROR:process_reader_win.cc(151)] SuspendThread: Access is denied. (0x5)
[0828/040145.306:ERROR:process_reader_win.cc(151)] SuspendThread: Access is denied. (0x5)
[0828/040145.306:ERROR:process_reader_win.cc(123)] NtOpenThread: {Access Denied} A process has requested access to an object, but has not been granted those access rights. (0xc0000022)
[0828/040145.306:ERROR:exception_snapshot_win.cc(98)] thread ID 4372 not found in process
[0828/040145.322:ERROR:process_reader_win.cc(123)] NtOpenThread: {Access Denied} A process has requested access to an object, but has not been granted those access rights. (0xc0000022)
[0828/040145.322:ERROR:exception_snapshot_win.cc(98)] thread ID 7340 not found in process
[0828/040145.338:ERROR:process_reader_win.cc(123)] NtOpenThread: {Access Denied} A process has requested access to an object, but has not been granted those access rights. (0xc0000022)
[0828/040145.338:ERROR:exception_snapshot_win.cc(98)] thread ID 11684 not found in process
[0828/040145.338:ERROR:process_reader_win.cc(151)] SuspendThread: Access is denied. (0x5)
[0828/040145.338:ERROR:process_reader_win.cc(151)] SuspendThread: Access is denied. (0x5)
[0828/040145.338:ERROR:process_reader_win.cc(151)] SuspendThread: Access is denied. (0x5)
[0828/040145.338:ERROR:process_reader_win.cc(151)] SuspendThread: Access is denied. (0x5)
[0828/040145.338:ERROR:process_reader_win.cc(151)] SuspendThread: Access is denied. (0x5)
[0828/040145.338:ERROR:process_reader_win.cc(151)] SuspendThread: Access is denied. (0x5)
[0828/040145.338:ERROR:process_reader_win.cc(151)] SuspendThread: Access is denied. (0x5)
[0828/040145.338:ERROR:process_reader_win.cc(151)] SuspendThread: Access is denied. (0x5)
[0828/040145.338:ERROR:process_reader_win.cc(151)] SuspendThread: Access is denied. (0x5)
[0828/040145.338:ERROR:process_reader_win.cc(123)] NtOpenThread: {Access Denied} A process has requested access to an object, but has not been granted those access rights. (0xc0000022)
[0828/040145.338:ERROR:exception_snapshot_win.cc(98)] thread ID 3064 not found in process
[0828/040145.369:ERROR:process_reader_win.cc(151)] SuspendThread: Access is denied. (0x5)
[0828/040145.369:ERROR:process_reader_win.cc(151)] SuspendThread: Access is denied. (0x5)
[0828/040145.369:ERROR:process_reader_win.cc(151)] SuspendThread: Access is denied. (0x5)
[0828/040145.369:ERROR:process_reader_win.cc(151)] SuspendThread: Access is denied. (0x5)
[0828/040145.369:ERROR:process_reader_win.cc(151)] SuspendThread: Access is denied. (0x5)
[0828/040145.369:ERROR:process_reader_win.cc(151)] SuspendThread: Access is denied. (0x5)
[0828/040145.369:ERROR:process_reader_win.cc(151)] SuspendThread: Access is denied. (0x5)
[0828/040145.369:ERROR:process_reader_win.cc(151)] SuspendThread: Access is denied. (0x5)
[0828/040145.369:ERROR:process_reader_win.cc(123)] NtOpenThread: {Access Denied} A process has requested access to an object, but has not been granted those access rights. (0xc0000022)
[0828/040145.369:ERROR:exception_snapshot_win.cc(98)] thread ID 19064 not found in process
[0828/040145.400:ERROR:process_reader_win.cc(151)] SuspendThread: Access is denied. (0x5)
[0828/040145.400:ERROR:process_reader_win.cc(151)] SuspendThread: Access is denied. (0x5)
[0828/040145.400:ERROR:process_reader_win.cc(151)] SuspendThread: Access is denied. (0x5)
[0828/040145.400:ERROR:process_reader_win.cc(151)] SuspendThread: Access is denied. (0x5)
[0828/040145.400:ERROR:process_reader_win.cc(151)] SuspendThread: Access is denied. (0x5)
[0828/040145.400:ERROR:process_reader_win.cc(151)] SuspendThread: Access is denied. (0x5)
[0828/040145.400:ERROR:process_reader_win.cc(151)] SuspendThread: Access is denied. (0x5)
[0828/040145.400:ERROR:process_reader_win.cc(151)] SuspendThread: Access is denied. (0x5)
[0828/040145.400:ERROR:process_reader_win.cc(151)] SuspendThread: Access is denied. (0x5)
[0828/040145.400:ERROR:process_reader_win.cc(151)] SuspendThread: Access is denied. (0x5)
[0828/040145.400:ERROR:process_reader_win.cc(123)] NtOpenThread: {Access Denied} A process has requested access to an object, but has not been granted those access rights. (0xc0000022)
[0828/040145.400:ERROR:process_reader_win.cc(151)] SuspendThread: Access is denied. (0x5)
[0828/040145.400:ERROR:process_reader_win.cc(151)] SuspendThread: Access is denied. (0x5)
[0828/040145.400:ERROR:process_reader_win.cc(151)] SuspendThread: Access is denied. (0x5)
[0828/040145.400:ERROR:exception_snapshot_win.cc(98)] thread ID 19268 not found in process
[0828/040145.400:ERROR:process_reader_win.cc(151)] SuspendThread: Access is denied. (0x5)
[0828/040145.400:ERROR:process_reader_win.cc(151)] SuspendThread: Access is denied. (0x5)
[0828/040145.400:ERROR:process_reader_win.cc(151)] SuspendThread: Access is denied. (0x5)
[0828/040145.400:ERROR:process_reader_win.cc(123)] NtOpenThread: {Access Denied} A process has requested access to an object, but has not been granted those access rights. (0xc0000022)
[0828/040145.400:ERROR:exception_snapshot_win.cc(98)] thread ID 18712 not found in process
[0828/040145.416:ERROR:process_reader_win.cc(151)] SuspendThread: Access is denied. (0x5)
[0828/040145.416:ERROR:process_reader_win.cc(151)] SuspendThread: Access is denied. (0x5)
[0828/040145.416:ERROR:process_reader_win.cc(151)] SuspendThread: Access is denied. (0x5)
[0828/040145.416:ERROR:process_reader_win.cc(151)] SuspendThread: Access is denied. (0x5)
[0828/040145.416:ERROR:process_reader_win.cc(151)] SuspendThread: Access is denied. (0x5)
[0828/040145.416:ERROR:process_reader_win.cc(123)] NtOpenThread: {Access Denied} A process has requested access to an object, but has not been granted those access rights. (0xc0000022)
[0828/040145.416:ERROR:exception_snapshot_win.cc(98)] thread ID 10088 not found in process
[0828/040145.463:ERROR:process_reader_win.cc(151)] SuspendThread: Access is denied. (0x5)
[0828/040145.463:ERROR:process_reader_win.cc(151)] SuspendThread: Access is denied. (0x5)
[0828/040145.463:ERROR:process_reader_win.cc(151)] SuspendThread: Access is denied. (0x5)
[0828/040145.463:ERROR:process_reader_win.cc(151)] SuspendThread: Access is denied. (0x5)
[0828/040145.463:ERROR:process_reader_win.cc(151)] SuspendThread: Access is denied. (0x5)
[0828/040145.463:ERROR:process_reader_win.cc(151)] SuspendThread: Access is denied. (0x5)
[0828/040145.463:ERROR:process_reader_win.cc(151)] SuspendThread: Access is denied. (0x5)
[0828/040145.463:ERROR:process_reader_win.cc(151)] SuspendThread: Access is denied. (0x5)
[0828/040145.463:ERROR:process_reader_win.cc(123)] NtOpenThread: {Access Denied} A process has requested access to an object, but has not been granted those access rights. (0xc0000022)
[0828/040145.463:ERROR:exception_snapshot_win.cc(98)] thread ID 19108 not found in process
[0828/040145.494:ERROR:process_reader_win.cc(123)] NtOpenThread: {Access Denied} A process has requested access to an object, but has not been granted those access rights. (0xc0000022)
[0828/040145.494:ERROR:exception_snapshot_win.cc(98)] thread ID 18608 not found in process
[0828/040145.510:ERROR:process_reader_win.cc(151)] SuspendThread: Access is denied. (0x5)
[0828/040145.510:ERROR:process_reader_win.cc(151)] SuspendThread: Access is denied. (0x5)
[0828/040145.510:ERROR:process_reader_win.cc(151)] SuspendThread: Access is denied. (0x5)
[0828/040145.510:ERROR:process_reader_win.cc(151)] SuspendThread: Access is denied. (0x5)
[0828/040145.510:ERROR:process_reader_win.cc(151)] SuspendThread: Access is denied. (0x5)
[0828/040145.510:ERROR:process_reader_win.cc(151)] SuspendThread: Access is denied. (0x5)
[0828/040145.510:ERROR:process_reader_win.cc(151)] SuspendThread: Access is denied. (0x5)
[0828/040145.510:ERROR:process_reader_win.cc(151)] SuspendThread: Access is denied. (0x5)
[0828/040145.510:ERROR:process_reader_win.cc(151)] SuspendThread: Access is denied. (0x5)
[0828/040145.510:ERROR:process_reader_win.cc(151)] SuspendThread: Access is denied. (0x5)
[0828/040145.510:ERROR:process_reader_win.cc(151)] SuspendThread: Access is denied. (0x5)
[0828/040145.510:ERROR:process_reader_win.cc(123)] NtOpenThread: {Access Denied} A process has requested access to an object, but has not been granted those access rights. (0xc0000022)
[0828/040145.510:ERROR:exception_snapshot_win.cc(98)] thread ID 15412 not found in process
[0828/040145.510:ERROR:process_reader_win.cc(151)] SuspendThread: Access is denied. (0x5)
[0828/040145.510:ERROR:process_reader_win.cc(151)] SuspendThread: Access is denied. (0x5)
[0828/040145.510:ERROR:process_reader_win.cc(151)] SuspendThread: Access is denied. (0x5)
[0828/040145.510:ERROR:process_reader_win.cc(151)] SuspendThread: Access is denied. (0x5)
[0828/040145.510:ERROR:process_reader_win.cc(151)] SuspendThread: Access is denied. (0x5)
[0828/040145.510:ERROR:process_reader_win.cc(151)] SuspendThread: Access is denied. (0x5)
[0828/040145.510:ERROR:process_reader_win.cc(151)] SuspendThread: Access is denied. (0x5)
[0828/040145.510:ERROR:process_reader_win.cc(151)] SuspendThread: Access is denied. (0x5)
[0828/040145.510:ERROR:process_reader_win.cc(123)] NtOpenThread: {Access Denied} A process has requested access to an object, but has not been granted those access rights. (0xc0000022)
[0828/040145.510:ERROR:exception_snapshot_win.cc(98)] thread ID 7388 not found in process
[0828/040145.510:ERROR:process_reader_win.cc(151)] SuspendThread: Access is denied. (0x5)
[0828/040145.510:ERROR:process_reader_win.cc(151)] SuspendThread: Access is denied. (0x5)
[0828/040145.510:ERROR:process_reader_win.cc(151)] SuspendThread: Access is denied. (0x5)
[0828/040145.510:ERROR:process_reader_win.cc(151)] SuspendThread: Access is denied. (0x5)
[0828/040145.510:ERROR:process_reader_win.cc(151)] SuspendThread: Access is denied. (0x5)
[0828/040145.510:ERROR:process_reader_win.cc(151)] SuspendThread: Access is denied. (0x5)
[0828/040145.510:ERROR:process_reader_win.cc(151)] SuspendThread: Access is denied. (0x5)
[0828/040145.510:ERROR:process_reader_win.cc(151)] SuspendThread: Access is denied. (0x5)
[0828/040145.510:ERROR:process_reader_win.cc(151)] SuspendThread: Access is denied. (0x5)
[0828/040145.510:ERROR:process_reader_win.cc(123)] NtOpenThread: {Access Denied} A process has requested access to an object, but has not been granted those access rights. (0xc0000022)
[0828/040145.510:ERROR:exception_snapshot_win.cc(98)] thread ID 9712 not found in process
[0828/040145.510:ERROR:process_reader_win.cc(123)] NtOpenThread: {Access Denied} A process has requested access to an object, but has not been granted those access rights. (0xc0000022)
[0828/040145.510:ERROR:exception_snapshot_win.cc(98)] thread ID 13796 not found in process
[0828/040145.525:ERROR:process_reader_win.cc(151)] SuspendThread: Access is denied. (0x5)
[0828/040145.525:ERROR:process_reader_win.cc(151)] SuspendThread: Access is denied. (0x5)
[0828/040145.525:ERROR:process_reader_win.cc(151)] SuspendThread: Access is denied. (0x5)
[0828/040145.525:ERROR:process_reader_win.cc(151)] SuspendThread: Access is denied. (0x5)
[0828/040145.525:ERROR:process_reader_win.cc(151)] SuspendThread: Access is denied. (0x5)
[0828/040145.525:ERROR:process_reader_win.cc(151)] SuspendThread: Access is denied. (0x5)
[0828/040145.525:ERROR:process_reader_win.cc(151)] SuspendThread: Access is denied. (0x5)
[0828/040145.525:ERROR:process_reader_win.cc(151)] SuspendThread: Access is denied. (0x5)
[0828/040145.525:ERROR:process_reader_win.cc(151)] SuspendThread: Access is denied. (0x5)
[0828/040145.525:ERROR:process_reader_win.cc(123)] NtOpenThread: {Access Denied} A process has requested access to an object, but has not been granted those access rights. (0xc0000022)
[0828/040145.525:ERROR:exception_snapshot_win.cc(98)] thread ID 8900 not found in process
[1011/173945.577:ERROR:directory_reader_win.cc(43)] FindFirstFile: The system cannot find the path specified. (0x3)
[1012/195004.172:ERROR:directory_reader_win.cc(43)] FindFirstFile: The system cannot find the path specified. (0x3)
[1024/191851.363:ERROR:directory_reader_win.cc(43)] FindFirstFile: The system cannot find the path specified. (0x3)
[1028/031439.480:ERROR:directory_reader_win.cc(43)] FindFirstFile: The system cannot find the path specified. (0x3)
[1028/202837.873:ERROR:directory_reader_win.cc(43)] FindFirstFile: The system cannot find the path specified. (0x3)
[1103/024330.154:ERROR:directory_reader_win.cc(43)] FindFirstFile: The system cannot find the path specified. (0x3)
[1103/085812.112:ERROR:directory_reader_win.cc(43)] FindFirstFile: The system cannot find the path specified. (0x3)
[1107/041417.713:ERROR:directory_reader_win.cc(43)] FindFirstFile: The system cannot find the path specified. (0x3)
[1111/041944.566:ERROR:directory_reader_win.cc(43)] FindFirstFile: The system cannot find the path specified. (0x3)
